[14:49:07] [ServerMain/INFO]: [bootstrap] Running Java 21 (Java HotSpot(TM) 64-Bit Server VM 21.0.6+8-LTS-188; Oracle Corporation null) on Windows 10 10.0 (amd64)
[14:49:07] [ServerMain/INFO]: [bootstrap] Loading Paper 1.21.4-232-ver/1.21.4@12d8fe0 (2025-06-09T10:15:42Z) for Minecraft 1.21.4
[14:49:07] [ServerMain/INFO]: [PluginInitializerManager] Initializing plugins...
[14:49:08] [ServerMain/INFO]: [PluginInitializerManager] Initialized 0 plugins
[14:49:08] [Paper Plugin Remapper Thread - 1/INFO]: [ReobfServer] Remapping server...
[14:49:12] [ServerMain/INFO]: Environment: Environment[sessionHost=https://sessionserver.mojang.com, servicesHost=https://api.minecraftservices.com, name=PROD]
[14:49:12] [Paper Plugin Remapper Thread - 1/INFO]: [ReobfServer] Done remapping server in 4741ms.
[14:49:13] [ServerMain/INFO]: Found new data pack file/bukkit, loading it automatically
[14:49:13] [ServerMain/INFO]: Found new data pack paper, loading it automatically
[14:49:13] [ServerMain/INFO]: No existing world data, creating new world
[14:49:14] [ServerMain/INFO]: Loaded 1370 recipes
[14:49:14] [ServerMain/INFO]: Loaded 1481 advancements
[14:49:14] [ServerMain/INFO]: [MCTypeRegistry] Initialising converters for DataConverter...
[14:49:14] [ServerMain/INFO]: [MCTypeRegistry] Finished initialising converters for DataConverter in 151.2ms
[14:49:14] [Server thread/INFO]: Starting minecraft server version 1.21.4
[14:49:14] [Server thread/WARN]: ****************************
[14:49:14] [Server thread/WARN]: YOU ARE RUNNING THIS SERVER AS AN ADMINISTRATIVE OR ROOT USER. THIS IS NOT ADVISED.
[14:49:14] [Server thread/WARN]: YOU ARE OPENING YOURSELF UP TO POTENTIAL RISKS WHEN DOING THIS.
[14:49:14] [Server thread/WARN]: FOR MORE INFORMATION, SEE https://madelinemiller.dev/blog/root-minecraft-server/
[14:49:14] [Server thread/WARN]: ****************************
[14:49:14] [Server thread/INFO]: Loading properties
[14:49:14] [Server thread/INFO]: This server is running Paper version 1.21.4-232-ver/1.21.4@12d8fe0 (2025-06-09T10:15:42Z) (Implementing API version 1.21.4-R0.1-SNAPSHOT)
[14:49:14] [Server thread/INFO]: [spark] This server bundles the spark profiler. For more information please visit https://docs.papermc.io/paper/profiling
[14:49:14] [Server thread/INFO]: Server Ping Player Sample Count: 12
[14:49:14] [Server thread/INFO]: Using 4 threads for Netty based IO
[14:49:14] [Server thread/INFO]: [MoonriseCommon] Paper is using 4 worker threads, 1 I/O threads
[14:49:14] [Server thread/INFO]: [ChunkTaskScheduler] Chunk system is using population gen parallelism: true
[14:49:15] [Server thread/INFO]: Default game type: SURVIVAL
[14:49:15] [Server thread/INFO]: Generating keypair
[14:49:15] [Server thread/INFO]: Starting Minecraft server on *:25565
[14:49:15] [Server thread/INFO]: Using default channel type
[14:49:15] [Server thread/INFO]: Paper: Using Java compression from Velocity.
[14:49:15] [Server thread/INFO]: Paper: Using Java cipher from Velocity.
[14:49:15] [Server thread/INFO]: Preparing level "world"
[14:49:18] [Server thread/INFO]: Preparing start region for dimension minecraft:overworld
[14:49:18] [Server thread/INFO]: Preparing spawn area: 0%
[14:49:19] [Server thread/INFO]: Preparing spawn area: 2%
[14:49:19] [Server thread/INFO]: Preparing spawn area: 10%
[14:49:20] [Server thread/INFO]: Preparing spawn area: 61%
[14:49:20] [Server thread/INFO]: Time elapsed: 1714 ms
[14:49:20] [Server thread/INFO]: Preparing start region for dimension minecraft:the_nether
[14:49:20] [Server thread/INFO]: Preparing spawn area: 2%
[14:49:20] [Server thread/INFO]: Time elapsed: 374 ms
[14:49:20] [Server thread/INFO]: Preparing start region for dimension minecraft:the_end
[14:49:20] [Server thread/INFO]: Preparing spawn area: 2%
[14:49:20] [Server thread/INFO]: Time elapsed: 144 ms
[14:49:20] [Server thread/INFO]: [spark] Starting background profiler...
[14:49:20] [Server thread/INFO]: [spark] The async-profiler engine is not supported for your os/arch (windows10/amd64), so the built-in Java engine will be used instead.
[14:49:20] [Server thread/INFO]: Done preparing level "world" (5.644s)
[14:49:20] [Server thread/INFO]: Running delayed init tasks
[14:49:20] [Server thread/INFO]: Done (14.129s)! For help, type "help"
[14:49:20] [Server thread/INFO]: *************************************************************************************
[14:49:20] [Server thread/INFO]: This is the first time you're starting this server.
[14:49:20] [Server thread/INFO]: It's recommended you read our 'Getting Started' documentation for guidance.
[14:49:20] [Server thread/INFO]: View this and more helpful information here: https://docs.papermc.io/paper/next-steps
[14:49:20] [Server thread/INFO]: *************************************************************************************
